<?xml version="1.0" encoding="UTF-8"?>
<testsuite xmlns:xsi="http://www.w3.org/2001/XMLSchema-instance" xsi:noNamespaceSchemaLocation="https://maven.apache.org/surefire/maven-surefire-plugin/xsd/surefire-test-report-3.0.xsd" version="3.0" name="com.taxing.tliaswebmanagement.CourseMapperTest" time="5.99" tests="1" errors="0" skipped="0" failures="0">
  <properties>
[...]
</properties>
  <testcase name="testGetAdminSchd" classname="com.taxing.tliaswebmanagement.CourseMapperTest" time="1.108">
    <system-out><![CDATA[2025-11-23 09:16:04.854 [main] INFO  o.s.t.c.support.AnnotationConfigContextLoaderUtils-Could not detect default configuration classes for test class [com.taxing.tliaswebmanagement.CourseMapperTest]: CourseMapperTest does not declare any static, non-private, non-final, nested classes annotated with @Configuration.
2025-11-23 09:16:04.957 [main] INFO  o.s.b.t.context.SpringBootTestContextBootstrapper-Found @SpringBootConfiguration com.taxing.tliaswebmanagement.TliasWebManagementApplication for test class com.taxing.tliaswebmanagement.CourseMapperTest

  .   ____          _            __ _ _
 /\\ / ___'_ __ _ _(_)_ __  __ _ \ \ \ \
( ( )\___ | '_ | '_| | '_ \/ _` | \ \ \ \
 \\/  ___)| |_)| | | | | || (_| |  ) ) ) )
  '  |____| .__|_| |_|_| |_\__, | / / / /
 =========|_|==============|___/=/_/_/_/
 :: Spring Boot ::               (v3.2.10)

2025-11-23 09:16:05.326 [main] INFO  com.taxing.tliaswebmanagement.CourseMapperTest-Starting CourseMapperTest using Java 17.0.12 with PID 13336 (started by Tarstar in D:\StudyRecord\javaweb\project\web-ai-project\tlias-web-management)
2025-11-23 09:16:05.327 [main] INFO  com.taxing.tliaswebmanagement.CourseMapperTest-No active profile set, falling back to 1 default profile: "default"
2025-11-23 09:16:06.203 [main] INFO  o.s.d.r.config.RepositoryConfigurationDelegate-Multiple Spring Data modules found, entering strict repository configuration mode
2025-11-23 09:16:06.207 [main] INFO  o.s.d.r.config.RepositoryConfigurationDelegate-Bootstrapping Spring Data Redis repositories in DEFAULT mode.
2025-11-23 09:16:06.238 [main] INFO  o.s.d.r.config.RepositoryConfigurationDelegate-Finished Spring Data repository scanning in 19 ms. Found 0 Redis repository interfaces.
2025-11-23 09:16:07.303 [main] INFO  c.t.tliaswebmanagement.config.RedisConfiguration-创建RedisTemplate对象
2025-11-23 09:16:09.449 [main] INFO  com.taxing.tliaswebmanagement.CourseMapperTest-Started CourseMapperTest in 4.381 seconds (process running for 5.24)
2025-11-23 09:16:10.265 [main] INFO  com.zaxxer.hikari.HikariDataSource-HikariPool-1 - Starting...
2025-11-23 09:16:10.489 [main] INFO  com.zaxxer.hikari.pool.HikariPool-HikariPool-1 - Added connection oracle.jdbc.driver.T4CConnection@28b7646
2025-11-23 09:16:10.490 [main] INFO  com.zaxxer.hikari.HikariDataSource-HikariPool-1 - Start completed.
[EmpCourseId(courseId=5, period=10), EmpCourseId(courseId=1, period=4), EmpCourseId(courseId=2, period=3), EmpCourseId(courseId=1, period=1)]
]]></system-out>
  </testcase>
</testsuite>